<?xml version="1.0" encoding="UTF-8"?>
<!-- Generated by org.testng.reporters.JUnitReportReporter -->
<testsuite hostname="DESKTOP-VR4FGIR" name="Scenario_Search_Int.ScenSearch" tests="2" failures="0" timestamp="19 Dec 2018 17:53:30 GMT" time="62.972" errors="0">
  <testcase name="InvalidTest" time="31.565" classname="Scenario_Search_Int.ScenSearch"/>
  <testcase name="InvalidTest" time="31.407" classname="Scenario_Search_Int.ScenSearch"/>
</testsuite> <!-- Scenario_Search_Int.ScenSearch -->
